<?xml version="1.0" encoding="UTF-8"?>
<!-- Generated by org.testng.reporters.JUnitXMLReporter -->
<testsuite ignored="0" hostname="LAPTOP-34RV87CD" failures="0" tests="4" name="Default test" time="0.1" errors="0" timestamp="2024-04-01T19:24:29 IST">
  <testcase classname="WorldLine.Assessment4.CalcTest" name="addTest" time="0.02"/>
  <testcase classname="WorldLine.Assessment4.CalcTest" name="divTest" time="0.002"/>
  <testcase classname="WorldLine.Assessment4.CalcTest" name="mulTest" time="0.002"/>
  <testcase classname="WorldLine.Assessment4.CalcTest" name="subTest" time="0.003"/>
</testsuite> <!-- Default test -->
